<?xml version="1.0" encoding="UTF-8"?>
<!-- Generated by org.testng.reporters.JUnitReportReporter -->
<testsuite hostname="Mypc" name="pom.LoginTest" tests="1" failures="0" timestamp="23 Mar 2017 13:08:28 GMT" time="26.333" errors="0">
  <testcase name="tt" time="26.333" classname="pom.LoginTest"/>
</testsuite> <!-- pom.LoginTest -->
