<?xml version="1.0" encoding="UTF-8"?>
<!-- Generated by org.testng.reporters.JUnitReportReporter -->
<testsuite hostname="Mypc" name="testng.PrimusbankloginTC" tests="1" failures="0" timestamp="20 Mar 2017 13:16:56 GMT" time="8.348" errors="0">
  <testcase name="login" time="8.348" classname="testng.PrimusbankloginTC"/>
</testsuite> <!-- testng.PrimusbankloginTC -->
