<?xml version="1.0" encoding="UTF-8"?>
<!-- Generated by org.testng.reporters.JUnitReportReporter -->
<testsuite hostname="Mypc" name="testng.UserregTest" tests="1" failures="0" timestamp="21 Mar 2017 13:02:20 GMT" time="13.316" errors="0">
  <testcase name="userreg" time="13.316" classname="testng.UserregTest"/>
</testsuite> <!-- testng.UserregTest -->
