<?xml version="1.0" encoding="UTF-8"?>
<!-- Generated by org.testng.reporters.JUnitReportReporter -->
<testsuite hostname="Mypc" name="testng.EmpregTest" tests="3" failures="0" timestamp="21 Mar 2017 13:11:23 GMT" time="19.675" errors="0">
  <testcase name="org_Empreg" time="6.783" classname="testng.EmpregTest"/>
  <testcase name="org_Empreg" time="6.198" classname="testng.EmpregTest"/>
  <testcase name="org_Empreg" time="6.694" classname="testng.EmpregTest"/>
</testsuite> <!-- testng.EmpregTest -->
