<?xml version="1.0" encoding="UTF-8"?>
<!-- Generated by org.testng.reporters.JUnitReportReporter -->
<testsuite hostname="Mypc" name="testng.BasicAnnotationsEg" tests="3" failures="0" timestamp="20 Mar 2017 13:06:02 GMT" time="0.067" errors="0">
  <testcase name="apple" time="0.034" classname="testng.BasicAnnotationsEg"/>
  <testcase name="Function2" time="0.018" classname="testng.BasicAnnotationsEg"/>
  <testcase name="Function1" time="0.015" classname="testng.BasicAnnotationsEg"/>
</testsuite> <!-- testng.BasicAnnotationsEg -->
